<?xml version="1.0" encoding="UTF-8"?>
<testng-results skipped="0" failed="0" total="1" passed="1">
  <reporter-output>
  </reporter-output>
  <suite name="InetBanking" duration-ms="28813" started-at="2020-03-22T07:46:59Z" finished-at="2020-03-22T07:47:28Z">
    <groups>
    </groups>
    <test name="BankingApp Test" duration-ms="28813" started-at="2020-03-22T07:46:59Z" finished-at="2020-03-22T07:47:28Z">
      <class name="com.inetbanking.testCases.AddCutomerTest_03">
        <test-method status="PASS" signature="setup(java.lang.String)[pri:0, instance:com.inetbanking.testCases.AddCutomerTest_03@4c203ea1]" name="setup" is-config="true" duration-ms="10235" started-at="2020-03-22T13:16:59Z" finished-at="2020-03-22T13:17:09Z">
          <params>
            <param index="0">
              <value>
                <![CDATA[chrome]]>
              </value>
            </param>
          </params>
          <reporter-output>
          </reporter-output>
        </test-method> <!-- setup -->
        <test-method status="PASS" signature="addNewCustomer()[pri:0, instance:com.inetbanking.testCases.AddCutomerTest_03@4c203ea1]" name="addNewCustomer" duration-ms="17720" started-at="2020-03-22T13:17:09Z" finished-at="2020-03-22T13:17:27Z">
          <reporter-output>
          </reporter-output>
        </test-method> <!-- addNewCustomer -->
        <test-method status="PASS" signature="tearDown()[pri:0, instance:com.inetbanking.testCases.AddCutomerTest_03@4c203ea1]" name="tearDown" is-config="true" duration-ms="659" started-at="2020-03-22T13:17:27Z" finished-at="2020-03-22T13:17:28Z">
          <reporter-output>
          </reporter-output>
        </test-method> <!-- tearDown -->
      </class> <!-- com.inetbanking.testCases.AddCutomerTest_03 -->
    </test> <!-- BankingApp Test -->
  </suite> <!-- InetBanking -->
</testng-results>
